<?xml version="1.0" encoding="UTF-8"?>
<testng-results ignored="0" total="1" passed="1" failed="0" skipped="0">
  <reporter-output>
  </reporter-output>
  <suite started-at="2022-09-20T12:07:20 IST" name="Default suite" finished-at="2022-09-20T12:07:20 IST" duration-ms="166">
    <groups>
    </groups>
    <test started-at="2022-09-20T12:07:20 IST" name="Default test" finished-at="2022-09-20T12:07:20 IST" duration-ms="166">
      <class name="ContactTest">
        <test-method signature="contact()[pri:0, instance:ContactTest@2a32de6c]" started-at="2022-09-20T12:07:20 IST" name="contact" finished-at="2022-09-20T12:07:20 IST" duration-ms="40" status="PASS">
          <reporter-output>
          </reporter-output>
        </test-method> <!-- contact -->
      </class> <!-- ContactTest -->
    </test> <!-- Default test -->
  </suite> <!-- Default suite -->
</testng-results>
